Started GET "/" for 127.0.0.1 at 2023-03-22 10:33:44 +0300
Processing by Rails::WelcomeController#index as HTML
  Rendering /home/jessicah/.rbenv/versions/2.7.6/lib/ruby/gems/2.7.0/gems/railties-7.0.4.3/lib/rails/templates/rails/welcome/index.html.erb
  Rendered /home/jessicah/.rbenv/versions/2.7.6/lib/ruby/gems/2.7.0/gems/railties-7.0.4.3/lib/rails/templates/rails/welcome/index.html.erb (Duration: 22.1ms | Allocations: 767)
Completed 200 OK in 139ms (Views: 68.4ms | ActiveRecord: 0.0ms | Allocations: 6583)


  [1m[35m (14.0ms)[0m  [1m[35mCREATE TABLE "schema_migrations" ("version" varchar NOT NULL PRIMARY KEY)[0m
  [1m[35m (8.2ms)[0m  [1m[35mCREATE TABLE "ar_internal_metadata" ("key" varchar NOT NULL PRIMARY KEY, "value" varchar, "created_at" datetime(6) NOT NULL, "updated_at" datetime(6) NOT NULL)[0m
  [1m[36mActiveRecord::SchemaMigration Pluck (1.1ms)[0m  [1m[34mSELECT "schema_migrations"."version" FROM "schema_migrations" ORDER BY "schema_migrations"."version" ASC[0m
Migrating to CreateUsers (20230322074133)
  [1m[36mTRANSACTION (0.2ms)[0m  [1m[36mbegin transaction[0m
  [1m[35m (1.4ms)[0m  [1m[35mCREATE TABLE "users" ("id" integer PRIMARY KEY AUTOINCREMENT NOT NULL, "username" varchar NOT NULL, "email" varchar NOT NULL, "password_digest" varchar NOT NULL, "created_at" datetime(6) NOT NULL, "updated_at" datetime(6) NOT NULL)[0m
  [1m[36mActiveRecord::SchemaMigration Create (0.7ms)[0m  [1m[32mINSERT INTO "schema_migrations" ("version") VALUES (?)[0m  [["version", "20230322074133"]]
  [1m[36mTRANSACTION (8.8ms)[0m  [1m[36mcommit transaction[0m
  [1m[36mActiveRecord::InternalMetadata Load (0.6ms)[0m  [1m[34mSELECT "ar_internal_metadata".* FROM "ar_internal_metadata" WHERE "ar_internal_metadata"."key" = ? LIMIT ?[0m  [["key", "environment"], ["LIMIT", 1]]
  [1m[36mTRANSACTION (0.2ms)[0m  [1m[36mbegin transaction[0m
  [1m[36mActiveRecord::InternalMetadata Create (1.0ms)[0m  [1m[32mINSERT INTO "ar_internal_metadata" ("key", "value", "created_at", "updated_at") VALUES (?, ?, ?, ?)[0m  [["key", "environment"], ["value", "development"], ["created_at", "2023-03-22 07:52:28.958256"], ["updated_at", "2023-03-22 07:52:28.958256"]]
  [1m[36mTRANSACTION (10.1ms)[0m  [1m[36mcommit transaction[0m
  [1m[36mActiveRecord::SchemaMigration Pluck (0.7ms)[0m  [1m[34mSELECT "schema_migrations"."version" FROM "schema_migrations" ORDER BY "schema_migrations"."version" ASC[0m
Started GET "/users" for 127.0.0.1 at 2023-03-22 11:21:44 +0300
  [1m[36mActiveRecord::SchemaMigration Pluck (0.6ms)[0m  [1m[34mSELECT "schema_migrations"."version" FROM "schema_migrations" ORDER BY "schema_migrations"."version" ASC[0m
  
ActionController::RoutingError (No route matches [GET] "/users"):
  
Started GET "/users" for 127.0.0.1 at 2023-03-22 11:22:48 +0300
  
ActionController::RoutingError (No route matches [GET] "/users"):
  
Started GET "/users" for 127.0.0.1 at 2023-03-22 11:23:23 +0300
  
ActionController::RoutingError (No route matches [GET] "/users"):
  
Started GET "/users" for 127.0.0.1 at 2023-03-22 11:28:24 +0300
  [1m[36mActiveRecord::SchemaMigration Pluck (0.6ms)[0m  [1m[34mSELECT "schema_migrations"."version" FROM "schema_migrations" ORDER BY "schema_migrations"."version" ASC[0m
  
ActionController::RoutingError (No route matches [GET] "/users"):
  
Started POST "/users" for 127.0.0.1 at 2023-03-22 11:28:54 +0300
Processing by UsersController#register as */*
  Parameters: {"username"=>"sdf-ft03", "email"=>"mail@moringaschool.com", "password"=>"[FILTERED]", "user"=>{"username"=>"sdf-ft03", "email"=>"mail@moringaschool.com"}}
Completed 500 Internal Server Error in 125ms (ActiveRecord: 1.9ms | Allocations: 20708)


  
NameError (undefined local variable or method `user_params' for #<UsersController:0x00000000008610>
Did you mean?  users_path):
  
app/controllers/users_controller.rb:4:in `register'
Started POST "/users" for 127.0.0.1 at 2023-03-22 11:30:18 +0300
Processing by UsersController#register as */*
  Parameters: {"username"=>"sdf-ft03", "email"=>"mail@moringaschool.com", "password"=>"[FILTERED]", "user"=>{"username"=>"sdf-ft03", "email"=>"mail@moringaschool.com"}}
Completed 500 Internal Server Error in 44ms (ActiveRecord: 3.5ms | Allocations: 2006)


  
NameError (undefined local variable or method `user_params' for #<UsersController:0x0000000000ba90>
Did you mean?  users_path):
  
app/controllers/users_controller.rb:4:in `register'
Started POST "/users" for 127.0.0.1 at 2023-03-22 11:31:15 +0300
Processing by UsersController#register as */*
  Parameters: {"username"=>"sdf-ft03", "email"=>"mail@moringaschool.com", "password"=>"[FILTERED]", "user"=>{"username"=>"sdf-ft03", "email"=>"mail@moringaschool.com"}}
[31mUnpermitted parameter: :user. Context: { controller: UsersController, action: register, request: #<ActionDispatch::Request:0x00007fdfcce49838>, params: {"username"=>"sdf-ft03", "email"=>"mail@moringaschool.com", "password"=>"[FILTERED]", "controller"=>"users", "action"=>"register", "user"=>{"username"=>"sdf-ft03", "email"=>"mail@moringaschool.com"}} }[0m
Completed 500 Internal Server Error in 70ms (ActiveRecord: 5.1ms | Allocations: 16891)


  
NoMethodError (undefined method `empty?' for 12345678:Integer):
  
app/controllers/users_controller.rb:4:in `register'
Started POST "/users" for 127.0.0.1 at 2023-03-22 11:31:31 +0300
Processing by UsersController#register as */*
  Parameters: {"username"=>"sdf-ft03", "email"=>"mail@moringaschool.com", "password_digest"=>"[FILTERED]", "user"=>{"username"=>"sdf-ft03", "email"=>"mail@moringaschool.com", "password_digest"=>"[FILTERED]"}}
[31mUnpermitted parameters: :password_digest, :user. Context: { controller: UsersController, action: register, request: #<ActionDispatch::Request:0x00007fdfccbb2610>, params: {"username"=>"sdf-ft03", "email"=>"mail@moringaschool.com", "password_digest"=>"[FILTERED]", "controller"=>"users", "action"=>"register", "user"=>{"username"=>"sdf-ft03", "email"=>"mail@moringaschool.com", "password_digest"=>"[FILTERED]"}} }[0m
  [1m[36mTRANSACTION (0.3ms)[0m  [1m[36mbegin transaction[0m
  ↳ app/controllers/users_controller.rb:4:in `register'
  [1m[36mUser Exists? (0.8ms)[0m  [1m[34mSELECT 1 AS one FROM "users" WHERE "users"."username" = ? LIMIT ?[0m  [["username", "sdf-ft03"], ["LIMIT", 1]]
  ↳ app/controllers/users_controller.rb:4:in `register'
  [1m[36mUser Exists? (1.0ms)[0m  [1m[34mSELECT 1 AS one FROM "users" WHERE "users"."email" = ? LIMIT ?[0m  [["email", "mail@moringaschool.com"], ["LIMIT", 1]]
  ↳ app/controllers/users_controller.rb:4:in `register'
  [1m[36mTRANSACTION (0.3ms)[0m  [1m[31mrollback transaction[0m
  ↳ app/controllers/users_controller.rb:4:in `register'
  [1m[36mUser Exists? (0.6ms)[0m  [1m[34mSELECT 1 AS one FROM "users" WHERE "users"."username" = ? LIMIT ?[0m  [["username", "sdf-ft03"], ["LIMIT", 1]]
  ↳ app/controllers/users_controller.rb:5:in `register'
  [1m[36mUser Exists? (0.5ms)[0m  [1m[34mSELECT 1 AS one FROM "users" WHERE "users"."email" = ? LIMIT ?[0m  [["email", "mail@moringaschool.com"], ["LIMIT", 1]]
  ↳ app/controllers/users_controller.rb:5:in `register'
Completed 422 Unprocessable Entity in 115ms (Views: 54.4ms | ActiveRecord: 3.5ms | Allocations: 7528)


Started POST "/users" for 127.0.0.1 at 2023-03-22 11:32:03 +0300
Processing by UsersController#register as */*
  Parameters: {"username"=>"sdf-ft03", "email"=>"mail@moringaschool.com", "password_digest"=>"[FILTERED]", "user"=>{"username"=>"sdf-ft03", "email"=>"mail@moringaschool.com", "password_digest"=>"[FILTERED]"}}
[31mUnpermitted parameter: :user. Context: { controller: UsersController, action: register, request: #<ActionDispatch::Request:0x00007fdfcc9fb6c8>, params: {"username"=>"sdf-ft03", "email"=>"mail@moringaschool.com", "password_digest"=>"[FILTERED]", "controller"=>"users", "action"=>"register", "user"=>{"username"=>"sdf-ft03", "email"=>"mail@moringaschool.com", "password_digest"=>"[FILTERED]"}} }[0m
  [1m[36mTRANSACTION (0.2ms)[0m  [1m[36mbegin transaction[0m
  ↳ app/controllers/users_controller.rb:4:in `register'
  [1m[36mUser Exists? (0.7ms)[0m  [1m[34mSELECT 1 AS one FROM "users" WHERE "users"."username" = ? LIMIT ?[0m  [["username", "sdf-ft03"], ["LIMIT", 1]]
  ↳ app/controllers/users_controller.rb:4:in `register'
  [1m[36mUser Exists? (0.5ms)[0m  [1m[34mSELECT 1 AS one FROM "users" WHERE "users"."email" = ? LIMIT ?[0m  [["email", "mail@moringaschool.com"], ["LIMIT", 1]]
  ↳ app/controllers/users_controller.rb:4:in `register'
  [1m[36mUser Create (1.9ms)[0m  [1m[32mINSERT INTO "users" ("username", "email", "password_digest", "created_at", "updated_at") VALUES (?, ?, ?, ?, ?)[0m  [["username", "sdf-ft03"], ["email", "mail@moringaschool.com"], ["password_digest", "[FILTERED]"], ["created_at", "2023-03-22 08:32:03.383783"], ["updated_at", "2023-03-22 08:32:03.383783"]]
  ↳ app/controllers/users_controller.rb:4:in `register'
  [1m[36mTRANSACTION (8.0ms)[0m  [1m[36mcommit transaction[0m
  ↳ app/controllers/users_controller.rb:4:in `register'
  [1m[36mUser Exists? (0.7ms)[0m  [1m[34mSELECT 1 AS one FROM "users" WHERE "users"."username" = ? AND "users"."id" != ? LIMIT ?[0m  [["username", "sdf-ft03"], ["id", 1], ["LIMIT", 1]]
  ↳ app/controllers/users_controller.rb:5:in `register'
  [1m[36mUser Exists? (0.6ms)[0m  [1m[34mSELECT 1 AS one FROM "users" WHERE "users"."email" = ? AND "users"."id" != ? LIMIT ?[0m  [["email", "mail@moringaschool.com"], ["id", 1], ["LIMIT", 1]]
  ↳ app/controllers/users_controller.rb:5:in `register'
Completed 201 Created in 89ms (Views: 1.3ms | ActiveRecord: 17.0ms | Allocations: 6279)


Started POST "/users" for 127.0.0.1 at 2023-03-22 12:14:27 +0300
  [1m[36mActiveRecord::SchemaMigration Pluck (0.6ms)[0m  [1m[34mSELECT "schema_migrations"."version" FROM "schema_migrations" ORDER BY "schema_migrations"."version" ASC[0m
Processing by UsersController#register as */*
  Parameters: {"username"=>"sdf-ft03", "email"=>"mail@moringaschool.com", "password"=>"[FILTERED]", "user"=>{"username"=>"sdf-ft03", "email"=>"mail@moringaschool.com"}}
[31mUnpermitted parameter: :user. Context: { controller: UsersController, action: register, request: #<ActionDispatch::Request:0x000055d0f54ea108>, params: {"username"=>"sdf-ft03", "email"=>"mail@moringaschool.com", "password"=>"[FILTERED]", "controller"=>"users", "action"=>"register", "user"=>{"username"=>"sdf-ft03", "email"=>"mail@moringaschool.com"}} }[0m
  [1m[36mTRANSACTION (0.1ms)[0m  [1m[36mbegin transaction[0m
  ↳ app/controllers/users_controller.rb:4:in `register'
  [1m[36mUser Exists? (0.6ms)[0m  [1m[34mSELECT 1 AS one FROM "users" WHERE "users"."username" = ? LIMIT ?[0m  [["username", "sdf-ft03"], ["LIMIT", 1]]
  ↳ app/controllers/users_controller.rb:4:in `register'
  [1m[36mUser Exists? (0.4ms)[0m  [1m[34mSELECT 1 AS one FROM "users" WHERE "users"."email" = ? LIMIT ?[0m  [["email", "mail@moringaschool.com"], ["LIMIT", 1]]
  ↳ app/controllers/users_controller.rb:4:in `register'
  [1m[36mTRANSACTION (0.2ms)[0m  [1m[31mrollback transaction[0m
  ↳ app/controllers/users_controller.rb:4:in `register'
  [1m[36mUser Exists? (0.6ms)[0m  [1m[34mSELECT 1 AS one FROM "users" WHERE "users"."username" = ? LIMIT ?[0m  [["username", "sdf-ft03"], ["LIMIT", 1]]
  ↳ app/controllers/users_controller.rb:5:in `register'
  [1m[36mUser Exists? (0.6ms)[0m  [1m[34mSELECT 1 AS one FROM "users" WHERE "users"."email" = ? LIMIT ?[0m  [["email", "mail@moringaschool.com"], ["LIMIT", 1]]
  ↳ app/controllers/users_controller.rb:5:in `register'
Completed 422 Unprocessable Entity in 1058ms (Views: 14.0ms | ActiveRecord: 4.5ms | Allocations: 42405)


Started POST "/users" for 127.0.0.1 at 2023-03-22 12:16:03 +0300
Processing by UsersController#register as */*
  Parameters: {"username"=>"sdf-ft03", "email"=>"mail@moringaschool.com", "password"=>"[FILTERED]", "user"=>{"username"=>"sdf-ft03", "email"=>"mail@moringaschool.com"}}
[31mUnpermitted parameter: :user. Context: { controller: UsersController, action: register, request: #<ActionDispatch::Request:0x00007f7a7c801490>, params: {"username"=>"sdf-ft03", "email"=>"mail@moringaschool.com", "password"=>"[FILTERED]", "controller"=>"users", "action"=>"register", "user"=>{"username"=>"sdf-ft03", "email"=>"mail@moringaschool.com"}} }[0m
  [1m[36mTRANSACTION (0.3ms)[0m  [1m[36mbegin transaction[0m
  ↳ app/controllers/users_controller.rb:4:in `register'
  [1m[36mUser Exists? (0.6ms)[0m  [1m[34mSELECT 1 AS one FROM "users" WHERE "users"."username" = ? LIMIT ?[0m  [["username", "sdf-ft03"], ["LIMIT", 1]]
  ↳ app/controllers/users_controller.rb:4:in `register'
  [1m[36mUser Exists? (0.5ms)[0m  [1m[34mSELECT 1 AS one FROM "users" WHERE "users"."email" = ? LIMIT ?[0m  [["email", "mail@moringaschool.com"], ["LIMIT", 1]]
  ↳ app/controllers/users_controller.rb:4:in `register'
  [1m[36mTRANSACTION (0.3ms)[0m  [1m[31mrollback transaction[0m
  ↳ app/controllers/users_controller.rb:4:in `register'
  [1m[36mUser Exists? (0.6ms)[0m  [1m[34mSELECT 1 AS one FROM "users" WHERE "users"."username" = ? LIMIT ?[0m  [["username", "sdf-ft03"], ["LIMIT", 1]]
  ↳ app/controllers/users_controller.rb:5:in `register'
  [1m[36mUser Exists? (0.7ms)[0m  [1m[34mSELECT 1 AS one FROM "users" WHERE "users"."email" = ? LIMIT ?[0m  [["email", "mail@moringaschool.com"], ["LIMIT", 1]]
  ↳ app/controllers/users_controller.rb:5:in `register'
Completed 422 Unprocessable Entity in 1067ms (Views: 6.1ms | ActiveRecord: 3.0ms | Allocations: 4555)


Started GET "/user/login/check" for 127.0.0.1 at 2023-03-23 10:50:07 +0300
  [1m[36mActiveRecord::SchemaMigration Pluck (3.2ms)[0m  [1m[34mSELECT "schema_migrations"."version" FROM "schema_migrations" ORDER BY "schema_migrations"."version" ASC[0m
  
ActionController::RoutingError (uninitialized constant UserController
Did you mean?  UsersController):
  
Started GET "/user/login/check" for 127.0.0.1 at 2023-03-23 10:53:39 +0300
  
SyntaxError (/home/jessicah/Development/code/Phase4/TodoApp/api/app/controllers/users_controller.rb:19: syntax error, unexpected ')', expecting '.' or &. or :: or '['
...], email: user_params[:email]}).first
...                              ^
/home/jessicah/Development/code/Phase4/TodoApp/api/app/controllers/users_controller.rb:40: syntax error, unexpected end-of-input, expecting `end'):
  
app/controllers/users_controller.rb:19: syntax error, unexpected ')', expecting '.' or &. or :: or '['
app/controllers/users_controller.rb:40: syntax error, unexpected end-of-input, expecting `end'
app/controllers/users_controller.rb:19: syntax error, unexpected ')', expecting '.' or &. or :: or '['
app/controllers/users_controller.rb:40: syntax error, unexpected end-of-input, expecting `end'
Started GET "/user/login/check" for 127.0.0.1 at 2023-03-23 11:01:19 +0300
  [1m[36mActiveRecord::SchemaMigration Pluck (0.7ms)[0m  [1m[34mSELECT "schema_migrations"."version" FROM "schema_migrations" ORDER BY "schema_migrations"."version" ASC[0m
  
SyntaxError (/home/jessicah/Development/code/Phase4/TodoApp/api/app/controllers/users_controller.rb:19: syntax error, unexpected ')', expecting '.' or &. or :: or '['
...], email: user_params[:email]}).first
...                              ^
/home/jessicah/Development/code/Phase4/TodoApp/api/app/controllers/users_controller.rb:31: syntax error, unexpected ':'
...logout successfully', status: :
...                              ^
/home/jessicah/Development/code/Phase4/TodoApp/api/app/controllers/users_controller.rb:44: syntax error, unexpected end-of-input, expecting `end'):
  
app/controllers/users_controller.rb:19: syntax error, unexpected ')', expecting '.' or &. or :: or '['
app/controllers/users_controller.rb:31: syntax error, unexpected ':'
app/controllers/users_controller.rb:44: syntax error, unexpected end-of-input, expecting `end'
app/controllers/users_controller.rb:19: syntax error, unexpected ')', expecting '.' or &. or :: or '['
app/controllers/users_controller.rb:31: syntax error, unexpected ':'
app/controllers/users_controller.rb:44: syntax error, unexpected end-of-input, expecting `end'
Started GET "/user/login/check" for 127.0.0.1 at 2023-03-23 11:03:31 +0300
  
SyntaxError (/home/jessicah/Development/code/Phase4/TodoApp/api/app/controllers/users_controller.rb:19: syntax error, unexpected ')', expecting '.' or &. or :: or '['
...], email: user_params[:email]}).first
...                              ^
/home/jessicah/Development/code/Phase4/TodoApp/api/app/controllers/users_controller.rb:44: syntax error, unexpected end-of-input, expecting `end'):
  
app/controllers/users_controller.rb:19: syntax error, unexpected ')', expecting '.' or &. or :: or '['
app/controllers/users_controller.rb:44: syntax error, unexpected end-of-input, expecting `end'
app/controllers/users_controller.rb:19: syntax error, unexpected ')', expecting '.' or &. or :: or '['
app/controllers/users_controller.rb:44: syntax error, unexpected end-of-input, expecting `end'
Started GET "/user/login/check" for 127.0.0.1 at 2023-03-23 11:08:29 +0300
  
SyntaxError (/home/jessicah/Development/code/Phase4/TodoApp/api/app/controllers/users_controller.rb:20: syntax error, unexpected ')', expecting '.' or &. or :: or '['
..., email: user_params[:email] }).first
...                              ^
/home/jessicah/Development/code/Phase4/TodoApp/api/app/controllers/users_controller.rb:45: syntax error, unexpected end-of-input, expecting `end'):
  
app/controllers/users_controller.rb:20: syntax error, unexpected ')', expecting '.' or &. or :: or '['
app/controllers/users_controller.rb:45: syntax error, unexpected end-of-input, expecting `end'
app/controllers/users_controller.rb:20: syntax error, unexpected ')', expecting '.' or &. or :: or '['
app/controllers/users_controller.rb:45: syntax error, unexpected end-of-input, expecting `end'
Started GET "/user/login/check" for 127.0.0.1 at 2023-03-23 11:08:55 +0300
  
SyntaxError (/home/jessicah/Development/code/Phase4/TodoApp/api/app/controllers/users_controller.rb:20: syntax error, unexpected ')', expecting '.' or &. or :: or '['
..., email: user_params[:email] }).first
...                              ^
):
  
app/controllers/users_controller.rb:20: syntax error, unexpected ')', expecting '.' or &. or :: or '['
app/controllers/users_controller.rb:20: syntax error, unexpected ')', expecting '.' or &. or :: or '['
Started GET "/user/login/check" for 127.0.0.1 at 2023-03-23 11:13:22 +0300
  
SyntaxError (/home/jessicah/Development/code/Phase4/TodoApp/api/app/controllers/application_controller.rb:24: syntax error, unexpected '='
        session[:expiry] || = Time.now
                            ^
):
  
app/controllers/application_controller.rb:24: syntax error, unexpected '='
app/controllers/application_controller.rb:24: syntax error, unexpected '='
app/controllers/users_controller.rb:1:in `<main>'
Started GET "/user/login/check" for 127.0.0.1 at 2023-03-23 11:14:49 +0300
Processing by UsersController#check_login_status as */*
Completed 500 Internal Server Error in 16ms (Allocations: 226)


  
TypeError (no implicit conversion of Time into String):
  
app/controllers/application_controller.rb:26:in `session_expired?'
Started GET "/user" for 127.0.0.1 at 2023-03-23 11:16:15 +0300
  
ActionController::RoutingError (No route matches [GET] "/user"):
  
Started GET "/users" for 127.0.0.1 at 2023-03-23 11:16:20 +0300
  
ActionController::RoutingError (No route matches [GET] "/users"):
  
Started GET "/user/login/check" for 127.0.0.1 at 2023-03-23 11:17:16 +0300
Processing by UsersController#check_login_status as */*
Completed 500 Internal Server Error in 2ms (Allocations: 158)


  
TypeError (no implicit conversion of Time into String):
  
app/controllers/application_controller.rb:26:in `session_expired?'
  [1m[36mActiveRecord::SchemaMigration Pluck (0.8ms)[0m  [1m[34mSELECT "schema_migrations"."version" FROM "schema_migrations" ORDER BY "schema_migrations"."version" ASC[0m
Migrating to CreateTodos (20230323082535)
  [1m[36mTRANSACTION (0.2ms)[0m  [1m[36mbegin transaction[0m
  [1m[35m (1.2ms)[0m  [1m[35mCREATE TABLE "todos" ("id" integer PRIMARY KEY AUTOINCREMENT NOT NULL, "title" varchar, "description" text NOT NULL, "status" integer DEFAULT 0 NOT NULL, "priority" integer DEFAULT 0 NOT NULL, "user_id" integer NOT NULL, "created_at" datetime(6) NOT NULL, "updated_at" datetime(6) NOT NULL, CONSTRAINT "fk_rails_d94154aa95"
FOREIGN KEY ("user_id")
  REFERENCES "users" ("id")
)[0m
  [1m[35m (0.6ms)[0m  [1m[35mCREATE INDEX "index_todos_on_user_id" ON "todos" ("user_id")[0m
  [1m[36mActiveRecord::SchemaMigration Create (0.7ms)[0m  [1m[32mINSERT INTO "schema_migrations" ("version") VALUES (?)[0m  [["version", "20230323082535"]]
  [1m[36mTRANSACTION (9.9ms)[0m  [1m[36mcommit transaction[0m
  [1m[36mActiveRecord::InternalMetadata Load (0.7ms)[0m  [1m[34mSELECT "ar_internal_metadata".* FROM "ar_internal_metadata" WHERE "ar_internal_metadata"."key" = ? LIMIT ?[0m  [["key", "environment"], ["LIMIT", 1]]
  [1m[36mActiveRecord::SchemaMigration Pluck (0.5ms)[0m  [1m[34mSELECT "schema_migrations"."version" FROM "schema_migrations" ORDER BY "schema_migrations"."version" ASC[0m
Started GET "/sessions" for 127.0.0.1 at 2023-03-25 02:19:13 +0300
  [1m[36mActiveRecord::SchemaMigration Pluck (0.7ms)[0m  [1m[34mSELECT "schema_migrations"."version" FROM "schema_migrations" ORDER BY "schema_migrations"."version" ASC[0m
  
ActionController::RoutingError (No route matches [GET] "/sessions"):
  
Started GET "/user" for 127.0.0.1 at 2023-03-25 02:19:57 +0300
  
ActionController::RoutingError (No route matches [GET] "/user"):
  
Started GET "/users" for 127.0.0.1 at 2023-03-25 02:20:07 +0300
  
ActionController::RoutingError (No route matches [GET] "/users"):
  
Started GET "/todos" for 127.0.0.1 at 2023-03-25 02:20:42 +0300
Processing by TodosController#index as */*
Completed 422 Unprocessable Entity in 29ms (Views: 1.0ms | ActiveRecord: 0.0ms | Allocations: 845)


Started POST "/users/login" for 127.0.0.1 at 2023-03-27 22:44:42 +0300
  [1m[36mActiveRecord::SchemaMigration Pluck (0.6ms)[0m  [1m[34mSELECT "schema_migrations"."version" FROM "schema_migrations" ORDER BY "schema_migrations"."version" ASC[0m
Error occurred while parsing request parameters.
Contents:

{
  "username": "jessy"
  "password": "jessica"
}
Processing by UsersController#login as */*
Completed 422 Unprocessable Entity in 65ms (Views: 0.9ms | ActiveRecord: 0.0ms | Allocations: 20151)


Started POST "/users" for 127.0.0.1 at 2023-03-27 23:16:48 +0300
Error occurred while parsing request parameters.
Contents:

{
  "username": "jessy"
  "password": "jessica"
}
Processing by UsersController#register as */*
Completed 422 Unprocessable Entity in 2ms (Views: 0.9ms | Allocations: 146)


Started GET "/verify" for 127.0.0.1 at 2023-03-27 23:18:57 +0300
  [1m[36mActiveRecord::SchemaMigration Pluck (0.7ms)[0m  [1m[34mSELECT "schema_migrations"."version" FROM "schema_migrations" ORDER BY "schema_migrations"."version" ASC[0m
Processing by ApplicationController#verify_auth as */*
Completed 401 Unauthorized in 72ms (Views: 0.9ms | ActiveRecord: 0.0ms | Allocations: 18846)


Started POST "/user" for 127.0.0.1 at 2023-03-27 23:22:46 +0300
  [1m[36mActiveRecord::SchemaMigration Pluck (0.4ms)[0m  [1m[34mSELECT "schema_migrations"."version" FROM "schema_migrations" ORDER BY "schema_migrations"."version" ASC[0m
  
ActionController::RoutingError (No route matches [POST] "/user"):
  
Error occurred while parsing request parameters.
Contents:

{
  "username": "jessy"
  "password": "jessica"
}
Started POST "/users" for 127.0.0.1 at 2023-03-27 23:22:52 +0300
Error occurred while parsing request parameters.
Contents:

{
  "username": "jessy"
  "password": "jessica"
}
Processing by UsersController#register as */*
Completed 422 Unprocessable Entity in 51ms (Views: 0.9ms | ActiveRecord: 0.0ms | Allocations: 20150)


Started POST "/users" for 127.0.0.1 at 2023-03-27 23:23:21 +0300
Error occurred while parsing request parameters.
Contents:

{
  "username": "jessy"
  "password": "jessica"
  "email": "jess@mail.com"
}
Processing by UsersController#register as */*
Completed 422 Unprocessable Entity in 2ms (Views: 1.0ms | ActiveRecord: 0.0ms | Allocations: 146)


Started GET "/todos" for 127.0.0.1 at 2023-03-28 00:37:39 +0300
  [1m[36mActiveRecord::SchemaMigration Pluck (0.5ms)[0m  [1m[34mSELECT "schema_migrations"."version" FROM "schema_migrations" ORDER BY "schema_migrations"."version" ASC[0m
Processing by TodosController#index as */*
Filter chain halted as :verify_auth rendered or redirected
Completed 401 Unauthorized in 2ms (Views: 1.0ms | ActiveRecord: 0.0ms | Allocations: 187)


